2020-03-22 23:03:30.622  INFO 22830 --- [main] a.c.c.r.t.genreport.Application          : Starting Application on 192-168-1-131.tpgi.com.au with PID 22830 (/Users/udaykapavarapu/Documents/workspace/ABNAmro/target/classes started by udaykapavarapu in /Users/udaykapavarapu/Documents/workspace/ABNAmro)
2020-03-22 23:03:30.628  INFO 22830 --- [main] a.c.c.r.t.genreport.Application          : No active profile set, falling back to default profiles: default
2020-03-22 23:03:30.689  INFO 22830 --- [main] ationConfigEmbeddedWebApplicationContext : Refreshing org.springframework.boot.context.embedded.AnnotationConfigEmbeddedWebApplicationContext@1f9e209a: startup date [Sun Mar 22 23:03:30 EST 2020]; root of context hierarchy
2020-03-22 23:03:33.065  INFO 22830 --- [main] s.b.c.e.t.TomcatEmbeddedServletContainer : Tomcat initialized with port(s): 8080 (http)
2020-03-22 23:03:33.100  INFO 22830 --- [main] o.apache.catalina.core.StandardService   : Starting service [Tomcat]
2020-03-22 23:03:33.102  INFO 22830 --- [main] org.apache.catalina.core.StandardEngine  : Starting Servlet Engine: Apache Tomcat/8.5.23
2020-03-22 23:03:33.243  INFO 22830 --- [localhost-startStop-1] [.[.[/cap/ref/transactions/genreport/v1] : Initializing Spring embedded WebApplicationContext
2020-03-22 23:03:33.245  INFO 22830 --- [localhost-startStop-1] o.s.web.context.ContextLoader            : Root WebApplicationContext: initialization completed in 2556 ms
2020-03-22 23:03:33.521  INFO 22830 --- [localhost-startStop-1] o.s.b.w.servlet.ServletRegistrationBean  : Mapping servlet: 'dispatcherServlet' to [/]
2020-03-22 23:03:33.527  INFO 22830 --- [localhost-startStop-1] o.s.b.w.servlet.FilterRegistrationBean   : Mapping filter: 'characterEncodingFilter' to: [/*]
2020-03-22 23:03:33.528  INFO 22830 --- [localhost-startStop-1] o.s.b.w.servlet.FilterRegistrationBean   : Mapping filter: 'hiddenHttpMethodFilter' to: [/*]
2020-03-22 23:03:33.529  INFO 22830 --- [localhost-startStop-1] o.s.b.w.servlet.FilterRegistrationBean   : Mapping filter: 'httpPutFormContentFilter' to: [/*]
2020-03-22 23:03:33.531  INFO 22830 --- [localhost-startStop-1] o.s.b.w.servlet.FilterRegistrationBean   : Mapping filter: 'requestContextFilter' to: [/*]
2020-03-22 23:03:34.198  INFO 22830 --- [main] s.w.s.m.m.a.RequestMappingHandlerAdapter : Looking for @ControllerAdvice: org.springframework.boot.context.embedded.AnnotationConfigEmbeddedWebApplicationContext@1f9e209a: startup date [Sun Mar 22 23:03:30 EST 2020]; root of context hierarchy
2020-03-22 23:03:34.334  INFO 22830 --- [main] s.w.s.m.m.a.RequestMappingHandlerMapping : Mapped "{[/generateSummaryReport],methods=[POST],consumes=[multipart/form-data],produces=[application/json || multipart/form-data]}" onto public org.springframework.http.ResponseEntity<au.com.cap.ref.transactions.genreport.model.DailySummaryReport> au.com.cap.ref.transactions.genreport.api.GenerateSummaryReportApiController.generateSummaryReport(java.lang.String,java.lang.String,java.lang.String,org.springframework.web.multipart.MultipartFile)
2020-03-22 23:03:34.343  INFO 22830 --- [main] s.w.s.m.m.a.RequestMappingHandlerMapping : Mapped "{[/error]}" onto public org.springframework.http.ResponseEntity<java.util.Map<java.lang.String, java.lang.Object>> org.springframework.boot.autoconfigure.web.BasicErrorController.error(javax.servlet.http.HttpServletRequest)
2020-03-22 23:03:34.345  INFO 22830 --- [main] s.w.s.m.m.a.RequestMappingHandlerMapping : Mapped "{[/error],produces=[text/html]}" onto public org.springframework.web.servlet.ModelAndView org.springframework.boot.autoconfigure.web.BasicErrorController.errorHtml(javax.servlet.http.HttpServletRequest,javax.servlet.http.HttpServletResponse)
2020-03-22 23:03:34.437  INFO 22830 --- [main] o.s.w.s.handler.SimpleUrlHandlerMapping  : Mapped URL path [/webjars/**] onto handler of type [class org.springframework.web.servlet.resource.ResourceHttpRequestHandler]
2020-03-22 23:03:34.438  INFO 22830 --- [main] o.s.w.s.handler.SimpleUrlHandlerMapping  : Mapped URL path [/**] onto handler of type [class org.springframework.web.servlet.resource.ResourceHttpRequestHandler]
2020-03-22 23:03:34.503  INFO 22830 --- [main] .m.m.a.ExceptionHandlerExceptionResolver : Detected @ExceptionHandler methods in globalExceptionMapper
2020-03-22 23:03:34.574  INFO 22830 --- [main] o.s.w.s.handler.SimpleUrlHandlerMapping  : Mapped URL path [/**/favicon.ico] onto handler of type [class org.springframework.web.servlet.resource.ResourceHttpRequestHandler]
2020-03-22 23:03:34.982  INFO 22830 --- [main] o.s.j.e.a.AnnotationMBeanExporter        : Registering beans for JMX exposure on startup
2020-03-22 23:03:35.083  INFO 22830 --- [main] s.b.c.e.t.TomcatEmbeddedServletContainer : Tomcat started on port(s): 8080 (http)
2020-03-22 23:03:35.096  INFO 22830 --- [main] a.c.c.r.t.genreport.Application          : Started Application in 5.079 seconds (JVM running for 12.345)
2020-03-22 23:11:26.709  INFO 23069 --- [main] a.c.c.r.t.genreport.Application          : Starting Application on 192-168-1-131.tpgi.com.au with PID 23069 (/Users/udaykapavarapu/Documents/workspace/ABNAmro/target/classes started by udaykapavarapu in /Users/udaykapavarapu/Documents/workspace/ABNAmro)
2020-03-22 23:11:26.717  INFO 23069 --- [main] a.c.c.r.t.genreport.Application          : No active profile set, falling back to default profiles: default
2020-03-22 23:11:26.827  INFO 23069 --- [main] ationConfigEmbeddedWebApplicationContext : Refreshing org.springframework.boot.context.embedded.AnnotationConfigEmbeddedWebApplicationContext@35c4e3f8: startup date [Sun Mar 22 23:11:26 EST 2020]; root of context hierarchy
2020-03-22 23:11:29.055  INFO 23069 --- [main] s.b.c.e.t.TomcatEmbeddedServletContainer : Tomcat initialized with port(s): 8080 (http)
2020-03-22 23:11:29.080  INFO 23069 --- [main] o.apache.catalina.core.StandardService   : Starting service [Tomcat]
2020-03-22 23:11:29.082  INFO 23069 --- [main] org.apache.catalina.core.StandardEngine  : Starting Servlet Engine: Apache Tomcat/8.5.23
2020-03-22 23:11:29.249  INFO 23069 --- [localhost-startStop-1] [.[.[/cap/ref/transactions/genreport/v1] : Initializing Spring embedded WebApplicationContext
2020-03-22 23:11:29.250  INFO 23069 --- [localhost-startStop-1] o.s.web.context.ContextLoader            : Root WebApplicationContext: initialization completed in 2423 ms
2020-03-22 23:11:29.517  INFO 23069 --- [localhost-startStop-1] o.s.b.w.servlet.ServletRegistrationBean  : Mapping servlet: 'dispatcherServlet' to [/]
2020-03-22 23:11:29.523  INFO 23069 --- [localhost-startStop-1] o.s.b.w.servlet.FilterRegistrationBean   : Mapping filter: 'characterEncodingFilter' to: [/*]
2020-03-22 23:11:29.524  INFO 23069 --- [localhost-startStop-1] o.s.b.w.servlet.FilterRegistrationBean   : Mapping filter: 'hiddenHttpMethodFilter' to: [/*]
2020-03-22 23:11:29.524  INFO 23069 --- [localhost-startStop-1] o.s.b.w.servlet.FilterRegistrationBean   : Mapping filter: 'httpPutFormContentFilter' to: [/*]
2020-03-22 23:11:29.525  INFO 23069 --- [localhost-startStop-1] o.s.b.w.servlet.FilterRegistrationBean   : Mapping filter: 'requestContextFilter' to: [/*]
2020-03-22 23:11:30.135  INFO 23069 --- [main] s.w.s.m.m.a.RequestMappingHandlerAdapter : Looking for @ControllerAdvice: org.springframework.boot.context.embedded.AnnotationConfigEmbeddedWebApplicationContext@35c4e3f8: startup date [Sun Mar 22 23:11:26 EST 2020]; root of context hierarchy
2020-03-22 23:11:30.261  INFO 23069 --- [main] s.w.s.m.m.a.RequestMappingHandlerMapping : Mapped "{[/generateSummaryReport],methods=[POST],consumes=[multipart/form-data],produces=[application/json || multipart/form-data]}" onto public org.springframework.http.ResponseEntity<au.com.cap.ref.transactions.genreport.model.DailySummaryReport> au.com.cap.ref.transactions.genreport.api.GenerateSummaryReportApiController.generateSummaryReport(java.lang.String,java.lang.String,java.lang.String,org.springframework.web.multipart.MultipartFile)
2020-03-22 23:11:30.267  INFO 23069 --- [main] s.w.s.m.m.a.RequestMappingHandlerMapping : Mapped "{[/error]}" onto public org.springframework.http.ResponseEntity<java.util.Map<java.lang.String, java.lang.Object>> org.springframework.boot.autoconfigure.web.BasicErrorController.error(javax.servlet.http.HttpServletRequest)
2020-03-22 23:11:30.269  INFO 23069 --- [main] s.w.s.m.m.a.RequestMappingHandlerMapping : Mapped "{[/error],produces=[text/html]}" onto public org.springframework.web.servlet.ModelAndView org.springframework.boot.autoconfigure.web.BasicErrorController.errorHtml(javax.servlet.http.HttpServletRequest,javax.servlet.http.HttpServletResponse)
2020-03-22 23:11:30.320  INFO 23069 --- [main] o.s.w.s.handler.SimpleUrlHandlerMapping  : Mapped URL path [/webjars/**] onto handler of type [class org.springframework.web.servlet.resource.ResourceHttpRequestHandler]
2020-03-22 23:11:30.321  INFO 23069 --- [main] o.s.w.s.handler.SimpleUrlHandlerMapping  : Mapped URL path [/**] onto handler of type [class org.springframework.web.servlet.resource.ResourceHttpRequestHandler]
2020-03-22 23:11:30.347  INFO 23069 --- [main] .m.m.a.ExceptionHandlerExceptionResolver : Detected @ExceptionHandler methods in globalExceptionMapper
2020-03-22 23:11:30.393  INFO 23069 --- [main] o.s.w.s.handler.SimpleUrlHandlerMapping  : Mapped URL path [/**/favicon.ico] onto handler of type [class org.springframework.web.servlet.resource.ResourceHttpRequestHandler]
2020-03-22 23:11:30.632  INFO 23069 --- [main] o.s.j.e.a.AnnotationMBeanExporter        : Registering beans for JMX exposure on startup
2020-03-22 23:11:30.725  INFO 23069 --- [main] s.b.c.e.t.TomcatEmbeddedServletContainer : Tomcat started on port(s): 8080 (http)
2020-03-22 23:11:30.733  INFO 23069 --- [main] a.c.c.r.t.genreport.Application          : Started Application in 4.449 seconds (JVM running for 14.043)
2020-03-22 23:11:49.334  INFO 23069 --- [http-nio-8080-exec-1] [.[.[/cap/ref/transactions/genreport/v1] : Initializing Spring FrameworkServlet 'dispatcherServlet'
2020-03-22 23:11:49.335  INFO 23069 --- [http-nio-8080-exec-1] o.s.web.servlet.DispatcherServlet        : FrameworkServlet 'dispatcherServlet': initialization started
2020-03-22 23:11:49.377  INFO 23069 --- [http-nio-8080-exec-1] o.s.web.servlet.DispatcherServlet        : FrameworkServlet 'dispatcherServlet': initialization completed in 41 ms
2020-03-22 23:11:49.497  INFO 23069 --- [http-nio-8080-exec-1] c.c.r.t.g.s.GenerateSummaryReportService : *** Start: Validating the input file ***
2020-03-22 23:11:49.500  INFO 23069 --- [http-nio-8080-exec-1] c.c.r.t.g.s.GenerateSummaryReportService : *** End: Validating the input file ***
2020-03-22 23:11:49.500  INFO 23069 --- [http-nio-8080-exec-1] t.g.a.GenerateSummaryReportApiController : Generate the report as the input file is valid
2020-03-22 23:11:49.500  INFO 23069 --- [http-nio-8080-exec-1] c.c.r.t.g.s.GenerateSummaryReportService : *** Start: Generating Report ***
2020-03-22 23:11:49.547  INFO 23069 --- [http-nio-8080-exec-1] c.c.r.t.g.s.GenerateSummaryReportService : *** End: Generating Report ***
